<?xml version="1.0" encoding="UTF-8"?>
<!-- Generated by org.testng.reporters.JUnitXMLReporter -->
<testsuite ignored="0" hostname="DESKTOP-NMGB7R5" failures="0" tests="4" name="Test" time="21.513" errors="0" timestamp="2022-04-11T16:46:57 GST">
  <testcase classname="com.demo.cases.TestCase1" name="@BeforeMethod browserSetUp" time="0.003">
    <failure type="java.lang.Error" message="Unresolved compilation problem: 
	Unhandled exception type Exception
">
      <![CDATA[java.lang.Error: Unresolved compilation problem: 
Unhandled exception type Exception

at com.demo.cases.TestCase1.browserSetUp(TestCase1.java:26)
at java.base/java.util.ArrayList.forEach(ArrayList.java:1511)
... Removed 31 stack frames]]>
    </failure>
  </testcase> <!-- @BeforeMethod browserSetUp -->
  <testcase classname="com.demo.cases.TestCase1" name="@AfterMethod tearDown" time="0.0">
    <skipped/>
  </testcase> <!-- @AfterMethod tearDown -->
  <testcase classname="com.demo.cases.TestCase1" name="@BeforeMethod browserSetUp" time="0.0">
    <skipped/>
  </testcase> <!-- @BeforeMethod browserSetUp -->
  <testcase classname="com.demo.cases.TestCase1" name="@AfterMethod tearDown" time="0.0">
    <skipped/>
  </testcase> <!-- @AfterMethod tearDown -->
  <testcase classname="com.demo.cases.TestCase2" name="verifyTitle" time="0.063"/>
  <testcase classname="com.demo.cases.TestCase2" name="verifyURL" time="0.045"/>
  <testcase classname="com.demo.cases.TestCase1" name="verifyTitle" time="0.001">
    <skipped/>
  </testcase> <!-- verifyTitle -->
  <testcase classname="com.demo.cases.TestCase1" name="verifyURL" time="0.0">
    <skipped/>
  </testcase> <!-- verifyURL -->
</testsuite> <!-- Test -->
